#
# There is insufficient memory for the Java Runtime Environment to continue.
# Native memory allocation (malloc) failed to allocate 32744 bytes for ChunkPool::allocate
# Possible reasons:
#   The system is out of physical RAM or swap space
#   The process is running with CompressedOops enabled, and the Java Heap may be blocking the growth of the native heap
# Possible solutions:
#   Reduce memory load on the system
#   Increase physical memory or swap space
#   Check if swap backing store is full
#   Decrease Java heap size (-Xmx/-Xms)
#   Decrease number of Java threads
#   Decrease Java thread stack sizes (-Xss)
#   Set larger code cache with -XX:ReservedCodeCacheSize=
#   JVM is running with Unscaled Compressed Oops mode in which the Java heap is
#     placed in the first 4GB address space. The Java Heap base address is the
#     maximum limit for the native heap growth. Please use -XX:HeapBaseMinAddress
#     to set the Java Heap base and to place the Java Heap above 4GB virtual address.
# This output file may be truncated or incomplete.
#
#  Out of Memory Error (allocation.cpp:272), pid=4924, tid=0x0000000000001674
#
# JRE version: Java(TM) SE Runtime Environment (8.0_202-b08) (build 1.8.0_202-b08)
# Java VM: Java HotSpot(TM) 64-Bit Server VM (25.202-b08 mixed mode windows-amd64 compressed oops)
# Failed to write core dump. Minidumps are not enabled by default on client versions of Windows
#

---------------  T H R E A D  ---------------

Current thread (0x0000000014a1d800):  JavaThread "C2 CompilerThread0" daemon [_thread_in_native, id=5748, stack(0x0000000016070000,0x0000000016170000)]

Stack: [0x0000000016070000,0x0000000016170000]
[error occurred during error reporting (printing stack bounds), id 0xc0000005]

Native frames: (J=compiled Java code, j=interpreted, Vv=VM code, C=native code)


Current CompileTask:
C2:  31049 1044   !   4       com.sun.imageio.plugins.png.PNGImageReader::decodePass (1201 bytes)


---------------  P R O C E S S  ---------------

Java Threads: ( => current thread )
  0x00000000166fd000 JavaThread "AWT-EventQueue-0" [_thread_in_Java, id=3612, stack(0x00000000174a0000,0x00000000175a0000)]
  0x0000000016690000 JavaThread "AWT-Windows" daemon [_thread_in_native, id=3852, stack(0x0000000016d70000,0x0000000016e70000)]
  0x000000001668b800 JavaThread "AWT-Shutdown" [_thread_blocked, id=5756, stack(0x0000000016c70000,0x0000000016d70000)]
  0x0000000016689800 JavaThread "Java2D Disposer" daemon [_thread_blocked, id=5256, stack(0x0000000016b70000,0x0000000016c70000)]
  0x000000001639d000 JavaThread "Service Thread" daemon [_thread_blocked, id=4792, stack(0x0000000016770000,0x0000000016870000)]
  0x0000000014a25800 JavaThread "C1 CompilerThread2" daemon [_thread_in_native, id=6960, stack(0x0000000016270000,0x0000000016370000)]
  0x0000000014a20800 JavaThread "C2 CompilerThread1" daemon [_thread_blocked, id=1564, stack(0x0000000016170000,0x0000000016270000)]
=>0x0000000014a1d800 JavaThread "C2 CompilerThread0" daemon [_thread_in_native, id=5748, stack(0x0000000016070000,0x0000000016170000)]
  0x0000000014a1b000 JavaThread "Attach Listener" daemon [_thread_blocked, id=5064, stack(0x0000000015f70000,0x0000000016070000)]
  0x0000000014a19800 JavaThread "Signal Dispatcher" daemon [_thread_blocked, id=6984, stack(0x0000000015e70000,0x0000000015f70000)]
  0x0000000014a09800 JavaThread "Finalizer" daemon [_thread_blocked, id=3848, stack(0x0000000015c70000,0x0000000015d70000)]
  0x0000000002431000 JavaThread "Reference Handler" daemon [_thread_blocked, id=7012, stack(0x0000000015b70000,0x0000000015c70000)]
  0x0000000001f5d800 JavaThread "main" [_thread_in_native, id=6444, stack(0x0000000001f60000,0x0000000002060000)]

Other Threads:
  0x00000000149e7800 VMThread [stack: 0x0000000015a70000,0x0000000015b70000] [id=6996]
  0x00000000163bf000 WatcherThread [stack: 0x0000000016870000,0x0000000016970000] [id=6988]

VM state:not at safepoint (normal execution)

VM Mutex/Monitor currently owned by a thread: None

heap address: 0x00000000c1a00000, size: 998 MB, Compressed Oops mode: 32-bit
Narrow klass base: 0x0000000000000000, Narrow klass shift: 3
Compressed class space size: 1073741824 Address: 0x0000000100000000

Heap:
 PSYoungGen      total 208896K, used 28936K [0x00000000eb380000, 0x00000000f8480000, 0x0000000100000000)
  eden space 206848K, 13% used [0x00000000eb380000,0x00000000ecfc2018,0x00000000f7d80000)
  from space 2048K, 0% used [0x00000000f8080000,0x00000000f8080000,0x00000000f8280000)
  to   space 512K, 0% used [0x00000000f8400000,0x00000000f8400000,0x00000000f8480000)
 ParOldGen       total 229376K, used 37591K [0x00000000c1a00000, 0x00000000cfa00000, 0x00000000eb380000)
  object space 229376K, 16% used [0x00000000c1a00000,0x00000000c3eb5ff0,0x00000000cfa00000)
 Metaspace       used 9934K, capacity 10110K, committed 10496K, reserved 1058816K
  class space    used 1122K, capacity 1196K, committed 1280K, reserved 1048576K

Card table byte_map: [0x0000000011800000,0x0000000011a00000] byte_map_base: 0x00000000111f3000

Marking Bits: (ParMarkBitMap*) 0x0000000072be5ce0
 Begin Bits: [0x0000000011f50000, 0x0000000012ee8000)
 End Bits:   [0x0000000012ee8000, 0x0000000013e80000)

Polling page: 0x0000000001ea0000

CodeCache: size=245760Kb used=3638Kb max_used=3646Kb free=242121Kb
 bounds [0x0000000002440000, 0x00000000027e0000, 0x0000000011440000]
 total_blobs=1447 nmethods=1007 adapters=352
 compilation: enabled

Compilation events (10 events):
Event: 30.418 Thread 0x0000000014a25800 1041       3       javax.imageio.ImageReader::processImageComplete (53 bytes)
Event: 30.418 Thread 0x0000000014a25800 nmethod 1041 0x00000000027caad0 code [0x00000000027cac80, 0x00000000027cb268]
Event: 30.418 Thread 0x0000000014a25800 1042       3       java.awt.image.BufferedImage$1::run (48 bytes)
Event: 30.423 Thread 0x0000000014a25800 nmethod 1042 0x00000000027cb450 code [0x00000000027cb800, 0x00000000027cdf18]
Event: 30.433 Thread 0x0000000014a20800 nmethod 1043% 0x00000000027d2710 code [0x00000000027d28a0, 0x00000000027d3198]
Event: 30.436 Thread 0x0000000014a1d800 1044   !   4       com.sun.imageio.plugins.png.PNGImageReader::decodePass (1201 bytes)
Event: 30.610 Thread 0x0000000014a25800 1045       3       sun.awt.windows.WComponentPeer::postEvent (17 bytes)
Event: 30.611 Thread 0x0000000014a25800 nmethod 1045 0x00000000027d1b10 code [0x00000000027d1ce0, 0x00000000027d2418]
Event: 30.611 Thread 0x0000000014a25800 1046       3       sun.awt.windows.WWindowPeer::preprocessPostEvent (72 bytes)
Event: 30.612 Thread 0x0000000014a25800 nmethod 1046 0x00000000027d1110 code [0x00000000027d12c0, 0x00000000027d19b8]

GC Heap History (10 events):
Event: 27.648 GC heap before
{Heap before GC invocations=41 (full 11):
 PSYoungGen      total 207360K, used 186330K [0x00000000eb380000, 0x00000000f8480000, 0x0000000100000000)
  eden space 206848K, 90% used [0x00000000eb380000,0x00000000f6976ac8,0x00000000f7d80000)
  from space 512K, 0% used [0x00000000f8400000,0x00000000f8400000,0x00000000f8480000)
  to   space 2048K, 0% used [0x00000000f8080000,0x00000000f8080000,0x00000000f8280000)
 ParOldGen       total 229376K, used 37591K [0x00000000c1a00000, 0x00000000cfa00000, 0x00000000eb380000)
  object space 229376K, 16% used [0x00000000c1a00000,0x00000000c3eb5c98,0x00000000cfa00000)
 Metaspace       used 9894K, capacity 10110K, committed 10496K, reserved 1058816K
  class space    used 1122K, capacity 1196K, committed 1280K, reserved 1048576K
Event: 27.650 GC heap after
Heap after GC invocations=41 (full 11):
 PSYoungGen      total 208896K, used 128K [0x00000000eb380000, 0x00000000f8480000, 0x0000000100000000)
  eden space 206848K, 0% used [0x00000000eb380000,0x00000000eb380000,0x00000000f7d80000)
  from space 2048K, 6% used [0x00000000f8080000,0x00000000f80a0000,0x00000000f8280000)
  to   space 512K, 0% used [0x00000000f8400000,0x00000000f8400000,0x00000000f8480000)
 ParOldGen       total 229376K, used 37591K [0x00000000c1a00000, 0x00000000cfa00000, 0x00000000eb380000)
  object space 229376K, 16% used [0x00000000c1a00000,0x00000000c3eb5c98,0x00000000cfa00000)
 Metaspace       used 9894K, capacity 10110K, committed 10496K, reserved 1058816K
  class space    used 1122K, capacity 1196K, committed 1280K, reserved 1048576K
}
Event: 29.139 GC heap before
{Heap before GC invocations=42 (full 11):
 PSYoungGen      total 208896K, used 206976K [0x00000000eb380000, 0x00000000f8480000, 0x0000000100000000)
  eden space 206848K, 100% used [0x00000000eb380000,0x00000000f7d80000,0x00000000f7d80000)
  from space 2048K, 6% used [0x00000000f8080000,0x00000000f80a0000,0x00000000f8280000)
  to   space 512K, 0% used [0x00000000f8400000,0x00000000f8400000,0x00000000f8480000)
 ParOldGen       total 229376K, used 37591K [0x00000000c1a00000, 0x00000000cfa00000, 0x00000000eb380000)
  object space 229376K, 16% used [0x00000000c1a00000,0x00000000c3eb5c98,0x00000000cfa00000)
 Metaspace       used 9905K, capacity 10110K, committed 10496K, reserved 1058816K
  class space    used 1122K, capacity 1196K, committed 1280K, reserved 1048576K
Event: 29.163 GC heap after
Heap after GC invocations=42 (full 11):
 PSYoungGen      total 207360K, used 160K [0x00000000eb380000, 0x00000000f8480000, 0x0000000100000000)
  eden space 206848K, 0% used [0x00000000eb380000,0x00000000eb380000,0x00000000f7d80000)
  from space 512K, 31% used [0x00000000f8400000,0x00000000f8428000,0x00000000f8480000)
  to   space 2048K, 0% used [0x00000000f8080000,0x00000000f8080000,0x00000000f8280000)
 ParOldGen       total 229376K, used 143557K [0x00000000c1a00000, 0x00000000cfa00000, 0x00000000eb380000)
  object space 229376K, 62% used [0x00000000c1a00000,0x00000000ca6316c8,0x00000000cfa00000)
 Metaspace       used 9905K, capacity 10110K, committed 10496K, reserved 1058816K
  class space    used 1122K, capacity 1196K, committed 1280K, reserved 1048576K
}
Event: 29.163 GC heap before
{Heap before GC invocations=43 (full 12):
 PSYoungGen      total 207360K, used 160K [0x00000000eb380000, 0x00000000f8480000, 0x0000000100000000)
  eden space 206848K, 0% used [0x00000000eb380000,0x00000000eb380000,0x00000000f7d80000)
  from space 512K, 31% used [0x00000000f8400000,0x00000000f8428000,0x00000000f8480000)
  to   space 2048K, 0% used [0x00000000f8080000,0x00000000f8080000,0x00000000f8280000)
 ParOldGen       total 229376K, used 143557K [0x00000000c1a00000, 0x00000000cfa00000, 0x00000000eb380000)
  object space 229376K, 62% used [0x00000000c1a00000,0x00000000ca6316c8,0x00000000cfa00000)
 Metaspace       used 9905K, capacity 10110K, committed 10496K, reserved 1058816K
  class space    used 1122K, capacity 1196K, committed 1280K, reserved 1048576K
Event: 29.181 GC heap after
Heap after GC invocations=43 (full 12):
 PSYoungGen      total 207360K, used 0K [0x00000000eb380000, 0x00000000f8480000, 0x0000000100000000)
  eden space 206848K, 0% used [0x00000000eb380000,0x00000000eb380000,0x00000000f7d80000)
  from space 512K, 0% used [0x00000000f8400000,0x00000000f8400000,0x00000000f8480000)
  to   space 2048K, 0% used [0x00000000f8080000,0x00000000f8080000,0x00000000f8280000)
 ParOldGen       total 229376K, used 37610K [0x00000000c1a00000, 0x00000000cfa00000, 0x00000000eb380000)
  object space 229376K, 16% used [0x00000000c1a00000,0x00000000c3eba9f0,0x00000000cfa00000)
 Metaspace       used 9905K, capacity 10110K, committed 10496K, reserved 1058816K
  class space    used 1122K, capacity 1196K, committed 1280K, reserved 1048576K
}
Event: 30.528 GC heap before
{Heap before GC invocations=44 (full 12):
 PSYoungGen      total 207360K, used 206848K [0x00000000eb380000, 0x00000000f8480000, 0x0000000100000000)
  eden space 206848K, 100% used [0x00000000eb380000,0x00000000f7d80000,0x00000000f7d80000)
  from space 512K, 0% used [0x00000000f8400000,0x00000000f8400000,0x00000000f8480000)
  to   space 2048K, 0% used [0x00000000f8080000,0x00000000f8080000,0x00000000f8280000)
 ParOldGen       total 229376K, used 37610K [0x00000000c1a00000, 0x00000000cfa00000, 0x00000000eb380000)
  object space 229376K, 16% used [0x00000000c1a00000,0x00000000c3eba9f0,0x00000000cfa00000)
 Metaspace       used 9931K, capacity 10110K, committed 10496K, reserved 1058816K
  class space    used 1122K, capacity 1196K, committed 1280K, reserved 1048576K
Event: 30.552 GC heap after
Heap after GC invocations=44 (full 12):
 PSYoungGen      total 208896K, used 128K [0x00000000eb380000, 0x00000000f8480000, 0x0000000100000000)
  eden space 206848K, 0% used [0x00000000eb380000,0x00000000eb380000,0x00000000f7d80000)
  from space 2048K, 6% used [0x00000000f8080000,0x00000000f80a0000,0x00000000f8280000)
  to   space 512K, 0% used [0x00000000f8400000,0x00000000f8400000,0x00000000f8480000)
 ParOldGen       total 229376K, used 143553K [0x00000000c1a00000, 0x00000000cfa00000, 0x00000000eb380000)
  object space 229376K, 62% used [0x00000000c1a00000,0x00000000ca630420,0x00000000cfa00000)
 Metaspace       used 9931K, capacity 10110K, committed 10496K, reserved 1058816K
  class space    used 1122K, capacity 1196K, committed 1280K, reserved 1048576K
}
Event: 30.552 GC heap before
{Heap before GC invocations=45 (full 13):
 PSYoungGen      total 208896K, used 128K [0x00000000eb380000, 0x00000000f8480000, 0x0000000100000000)
  eden space 206848K, 0% used [0x00000000eb380000,0x00000000eb380000,0x00000000f7d80000)
  from space 2048K, 6% used [0x00000000f8080000,0x00000000f80a0000,0x00000000f8280000)
  to   space 512K, 0% used [0x00000000f8400000,0x00000000f8400000,0x00000000f8480000)
 ParOldGen       total 229376K, used 143553K [0x00000000c1a00000, 0x00000000cfa00000, 0x00000000eb380000)
  object space 229376K, 62% used [0x00000000c1a00000,0x00000000ca630420,0x00000000cfa00000)
 Metaspace       used 9931K, capacity 10110K, committed 10496K, reserved 1058816K
  class space    used 1122K, capacity 1196K, committed 1280K, reserved 1048576K
Event: 30.570 GC heap after
Heap after GC invocations=45 (full 13):
 PSYoungGen      total 208896K, used 0K [0x00000000eb380000, 0x00000000f8480000, 0x0000000100000000)
  eden space 206848K, 0% used [0x00000000eb380000,0x00000000eb380000,0x00000000f7d80000)
  from space 2048K, 0% used [0x00000000f8080000,0x00000000f8080000,0x00000000f8280000)
  to   space 512K, 0% used [0x00000000f8400000,0x00000000f8400000,0x00000000f8480000)
 ParOldGen       total 229376K, used 37591K [0x00000000c1a00000, 0x00000000cfa00000, 0x00000000eb380000)
  object space 229376K, 16% used [0x00000000c1a00000,0x00000000c3eb5ff0,0x00000000cfa00000)
 Metaspace       used 9931K, capacity 10110K, committed 10496K, reserved 1058816K
  class space    used 1122K, capacity 1196K, committed 1280K, reserved 1048576K
}

Deoptimization events (2 events):
Event: 3.246 Thread 0x0000000001f5d800 Uncommon trap: reason=null_check action=make_not_entrant pc=0x00000000025bc0e0 method=java.lang.String.equals(Ljava/lang/Object;)Z @ 8
Event: 7.298 Thread 0x00000000166fd000 Uncommon trap: reason=unstable_if action=reinterpret pc=0x0000000002609538 method=sun.awt.image.ByteInterleavedRaster.putByteData(IIII[B)V @ 395

Classes redefined (0 events):
No events

Internal exceptions (10 events):
Event: 0.680 Thread 0x0000000001f5d800 Exception <a 'java/security/PrivilegedActionException'> (0x00000000eb47b408) thrown at [C:\re\workspace\8-2-build-windows-amd64-cygwin\jdk8u202\12323\hotspot\src\share\vm\prims\jvm.cpp, line 1502]
Event: 0.681 Thread 0x0000000001f5d800 Exception <a 'java/security/PrivilegedActionException'> (0x00000000eb47f318) thrown at [C:\re\workspace\8-2-build-windows-amd64-cygwin\jdk8u202\12323\hotspot\src\share\vm\prims\jvm.cpp, line 1502]
Event: 0.681 Thread 0x0000000001f5d800 Exception <a 'java/security/PrivilegedActionException'> (0x00000000eb47f528) thrown at [C:\re\workspace\8-2-build-windows-amd64-cygwin\jdk8u202\12323\hotspot\src\share\vm\prims\jvm.cpp, line 1502]
Event: 1.620 Thread 0x0000000001f5d800 Exception <a 'java/io/FileNotFoundException'> (0x00000000eb481f20) thrown at [C:\re\workspace\8-2-build-windows-amd64-cygwin\jdk8u202\12323\hotspot\src\share\vm\prims\jni.cpp, line 710]
Event: 1.742 Thread 0x0000000001f5d800 Exception <a 'java/lang/NoSuchFieldError': method resolution failed> (0x00000000eb552ab8) thrown at [C:\re\workspace\8-2-build-windows-amd64-cygwin\jdk8u202\12323\hotspot\src\share\vm\prims\methodHandles.cpp, line 1167]
Event: 1.747 Thread 0x0000000001f5d800 Exception <a 'java/lang/NoSuchFieldError': method resolution failed> (0x00000000eb55fe88) thrown at [C:\re\workspace\8-2-build-windows-amd64-cygwin\jdk8u202\12323\hotspot\src\share\vm\prims\methodHandles.cpp, line 1167]
Event: 3.246 Thread 0x0000000001f5d800 Implicit null exception at 0x00000000025bbf22 to 0x00000000025bc0d1
Event: 3.356 Thread 0x0000000001f5d800 Exception <a 'java/io/FileNotFoundException'> (0x00000000eb6985b8) thrown at [C:\re\workspace\8-2-build-windows-amd64-cygwin\jdk8u202\12323\hotspot\src\share\vm\prims\jni.cpp, line 710]
Event: 4.548 Thread 0x00000000166fd000 Exception <a 'java/security/PrivilegedActionException'> (0x00000000eb71e098) thrown at [C:\re\workspace\8-2-build-windows-amd64-cygwin\jdk8u202\12323\hotspot\src\share\vm\prims\jvm.cpp, line 1502]
Event: 4.548 Thread 0x00000000166fd000 Exception <a 'java/security/PrivilegedActionException'> (0x00000000eb71e678) thrown at [C:\re\workspace\8-2-build-windows-amd64-cygwin\jdk8u202\12323\hotspot\src\share\vm\prims\jvm.cpp, line 1502]

Events (10 events):
Event: 30.436 Thread 0x00000000166fd000 DEOPT PACKING pc=0x0000000002612f52 sp=0x000000001759c260
Event: 30.436 Thread 0x00000000166fd000 DEOPT UNPACKING pc=0x0000000002487890 sp=0x000000001759c028 mode 0
Event: 30.527 Executing VM operation: ParallelGCFailedAllocation
Event: 30.570 Executing VM operation: ParallelGCFailedAllocation done
Event: 30.573 Executing VM operation: RevokeBias
Event: 30.573 Executing VM operation: RevokeBias done
Event: 30.573 Executing VM operation: RevokeBias
Event: 30.573 Executing VM operation: RevokeBias done
Event: 30.573 Executing VM operation: RevokeBias
Event: 30.573 Executing VM operation: RevokeBias done


Dynamic libraries:
0x000007f7546b0000 - 0x000007f7546e7000 	C:\Program Files\Java\jdk1.8.0_202\bin\java.exe
0x000007ffae830000 - 0x000007ffae9ed000 	C:\Windows\SYSTEM32\ntdll.dll
0x000007ffad9f0000 - 0x000007ffadb27000 	C:\Windows\system32\KERNEL32.DLL
0x000007ffacb00000 - 0x000007ffacbf4000 	C:\Windows\system32\KERNELBASE.dll
0x000007ffad8f0000 - 0x000007ffad9ce000 	C:\Windows\system32\ADVAPI32.dll
0x000007ffadb30000 - 0x000007ffadc7c000 	C:\Windows\system32\USER32.dll
0x000007ffa8e00000 - 0x000007ffa906a000 	C:\Windows\WinSxS\amd64_microsoft.windows.common-controls_6595b64144ccf1df_6.0.9200.17359_none_4188b989718cf1c6\COMCTL32.dll
0x000007ffad270000 - 0x000007ffad315000 	C:\Windows\system32\msvcrt.dll
0x000007ffae1e0000 - 0x000007ffae228000 	C:\Windows\SYSTEM32\sechost.dll
0x000007ffae090000 - 0x000007ffae1d5000 	C:\Windows\system32\RPCRT4.dll
0x000007ffacfa0000 - 0x000007ffad0e1000 	C:\Windows\system32\GDI32.dll
0x000007ffad8a0000 - 0x000007ffad8d9000 	C:\Windows\system32\IMM32.DLL
0x000007ffad0f0000 - 0x000007ffad205000 	C:\Windows\system32\MSCTF.dll
0x0000000072c70000 - 0x0000000072d42000 	C:\Program Files\Java\jdk1.8.0_202\jre\bin\msvcr100.dll
0x00000000723c0000 - 0x0000000072c65000 	C:\Program Files\Java\jdk1.8.0_202\jre\bin\server\jvm.dll
0x000007ffa46b0000 - 0x000007ffa46b9000 	C:\Windows\SYSTEM32\WSOCK32.dll
0x000007ff9cb50000 - 0x000007ff9cb70000 	C:\Windows\SYSTEM32\WINMM.dll
0x000007ffa97e0000 - 0x000007ffa97e9000 	C:\Windows\SYSTEM32\VERSION.dll
0x000007ffae530000 - 0x000007ffae537000 	C:\Windows\system32\PSAPI.DLL
0x000007ffacef0000 - 0x000007ffacf48000 	C:\Windows\system32\WS2_32.dll
0x000007ff9cb10000 - 0x000007ff9cb43000 	C:\Windows\SYSTEM32\WINMMBASE.dll
0x000007ffad8e0000 - 0x000007ffad8e9000 	C:\Windows\system32\NSI.dll
0x000007ffaca60000 - 0x000007ffacaaf000 	C:\Windows\SYSTEM32\cfgmgr32.dll
0x000007ffacad0000 - 0x000007ffacaf2000 	C:\Windows\system32\DEVOBJ.dll
0x000007ff7efe0000 - 0x000007ff7efef000 	C:\Program Files\Java\jdk1.8.0_202\jre\bin\verify.dll
0x000007ff7eeb0000 - 0x000007ff7eed9000 	C:\Program Files\Java\jdk1.8.0_202\jre\bin\java.dll
0x000007ff7efc0000 - 0x000007ff7efd6000 	C:\Program Files\Java\jdk1.8.0_202\jre\bin\zip.dll
0x000007ffa97f0000 - 0x000007ffaaad5000 	C:\Windows\SYSTEM32\SHELL32.dll
0x000007ffad6f0000 - 0x000007ffad8a0000 	C:\Windows\SYSTEM32\combase.dll
0x000007ffacf50000 - 0x000007ffacfa0000 	C:\Windows\system32\SHLWAPI.dll
0x000007ffab2a0000 - 0x000007ffab336000 	C:\Windows\SYSTEM32\SHCORE.dll
0x000007ffaca40000 - 0x000007ffaca55000 	C:\Windows\system32\profapi.dll
0x000007ff7ee90000 - 0x000007ff7eeaa000 	C:\Program Files\Java\jdk1.8.0_202\jre\bin\net.dll
0x000007ffadca0000 - 0x000007ffade04000 	C:\Windows\system32\urlmon.dll
0x000007ffae6b0000 - 0x000007ffae82e000 	C:\Windows\system32\ole32.dll
0x000007ffae2a0000 - 0x000007ffae52e000 	C:\Windows\system32\iertutil.dll
0x000007ffad4c0000 - 0x000007ffad6ed000 	C:\Windows\system32\WININET.dll
0x000007ffacab0000 - 0x000007ffacacf000 	C:\Windows\system32\USERENV.dll
0x000007ffac1e0000 - 0x000007ffac23c000 	C:\Windows\system32\mswsock.dll
0x000007ffac020000 - 0x000007ffac0bc000 	C:\Windows\SYSTEM32\DNSAPI.dll
0x000007ff9c9b0000 - 0x000007ff9c9b8000 	C:\Windows\System32\rasadhlp.dll
0x000007ffa55f0000 - 0x000007ffa5651000 	C:\Windows\System32\fwpuclnt.dll
0x000007ff7e270000 - 0x000007ff7e409000 	C:\Program Files\Java\jdk1.8.0_202\jre\bin\awt.dll
0x000007ffae5e0000 - 0x000007ffae6a3000 	C:\Windows\system32\OLEAUT32.dll
0x000007ffa2c40000 - 0x000007ffa2cde000 	C:\Windows\system32\apphelp.dll
0x000007ffab830000 - 0x000007ffab916000 	C:\Windows\system32\uxtheme.dll
0x000007ffab0b0000 - 0x000007ffab0d1000 	C:\Windows\SYSTEM32\dwmapi.dll
0x000007ffac7d0000 - 0x000007ffac7da000 	C:\Windows\SYSTEM32\CRYPTBASE.dll
0x000007ffac770000 - 0x000007ffac7cd000 	C:\Windows\SYSTEM32\bcryptPrimitives.dll
0x000007ff810a0000 - 0x000007ff811bf000 	C:\Windows\system32\opengl32.dll
0x000007ff81070000 - 0x000007ff8109c000 	C:\Windows\SYSTEM32\GLU32.dll
0x000007ff80f80000 - 0x000007ff8106a000 	C:\Windows\SYSTEM32\DDRAW.dll
0x000007ff8c820000 - 0x000007ff8c828000 	C:\Windows\SYSTEM32\DCIMAN32.dll
0x000007ff7ee40000 - 0x000007ff7ee87000 	C:\Program Files\Java\jdk1.8.0_202\jre\bin\fontmanager.dll
0x000007ff7ee00000 - 0x000007ff7ee31000 	C:\Program Files\Java\jdk1.8.0_202\jre\bin\jpeg.dll

VM Arguments:
java_command: socket.Client
java_class_path (initial): .;D:\ojdbc5.jar;D:\postgresql-42.1.4.jar;pg73jdbc1.jar
Launcher Type: SUN_STANDARD

Environment Variables:
CLASSPATH=.;D:\ojdbc5.jar;D:\postgresql-42.1.4.jar;pg73jdbc1.jar
PATH=D:\app\Thony\product\11.2.0\dbhome_1\bin;C:\Program Files\Java\jdk1.8.0_202\bin;C:\TDM-GCC-64\bin;;C:\Users\randretsaj\AppData\Local\Programs\Microsoft VS Code\bin;C:\Program Files\PostgreSQL\10\bin;C:\Program Files\PostgreSQL\10\lib;C:\Program Files\PostgreSQL\10\bin\psql
USERNAME=Thony
OS=Windows_NT
PROCESSOR_IDENTIFIER=Intel64 Family 6 Model 58 Stepping 9, GenuineIntel



---------------  S Y S T E M  ---------------

OS: Windows 8 , 64 bit Build 9200 (6.2.9200.16859)

CPU:total 4 (initial active 4) (2 cores per cpu, 2 threads per core) family 6 model 58 stepping 9, cmov, cx8, fxsr, mmx, sse, sse2, sse3, ssse3, sse4.1, sse4.2, popcnt, avx, clmul, erms, ht, tsc, tscinvbit, tscinv

Memory: 4k page, physical 4084072k(1186960k free), swap 4608360k(5076k free)

vm_info: Java HotSpot(TM) 64-Bit Server VM (25.202-b08) for windows-amd64 JRE (1.8.0_202-b08), built on Dec 15 2018 19:54:30 by "java_re" with MS VC++ 10.0 (VS2010)

time: Fri Dec 09 03:11:56 2022
timezone: Azerbaïdjan
elapsed time: 31 seconds (0d 0h 0m 31s)

