#
# There is insufficient memory for the Java Runtime Environment to continue.
# Native memory allocation (malloc) failed to allocate 32744 bytes for ChunkPool::allocate
# Possible reasons:
#   The system is out of physical RAM or swap space
#   The process is running with CompressedOops enabled, and the Java Heap may be blocking the growth of the native heap
# Possible solutions:
#   Reduce memory load on the system
#   Increase physical memory or swap space
#   Check if swap backing store is full
#   Decrease Java heap size (-Xmx/-Xms)
#   Decrease number of Java threads
#   Decrease Java thread stack sizes (-Xss)
#   Set larger code cache with -XX:ReservedCodeCacheSize=
#   JVM is running with Unscaled Compressed Oops mode in which the Java heap is
#     placed in the first 4GB address space. The Java Heap base address is the
#     maximum limit for the native heap growth. Please use -XX:HeapBaseMinAddress
#     to set the Java Heap base and to place the Java Heap above 4GB virtual address.
# This output file may be truncated or incomplete.
#
#  Out of Memory Error (allocation.cpp:272), pid=5684, tid=0x00000000000014b4
#
# JRE version: Java(TM) SE Runtime Environment (8.0_202-b08) (build 1.8.0_202-b08)
# Java VM: Java HotSpot(TM) 64-Bit Server VM (25.202-b08 mixed mode windows-amd64 compressed oops)
# Failed to write core dump. Minidumps are not enabled by default on client versions of Windows
#

---------------  T H R E A D  ---------------

Current thread (0x0000000014975000):  JavaThread "C2 CompilerThread1" daemon [_thread_in_native, id=5300, stack(0x00000000160c0000,0x00000000161c0000)]

Stack: [0x00000000160c0000,0x00000000161c0000]
[error occurred during error reporting (printing stack bounds), id 0xc0000005]

Native frames: (J=compiled Java code, j=interpreted, Vv=VM code, C=native code)


Current CompileTask:
C2:  22723 1006 % !   4       com.sun.imageio.plugins.png.PNGImageReader::decodePass @ 680 (1201 bytes)


---------------  P R O C E S S  ---------------

Java Threads: ( => current thread )
  0x00000000166a1000 JavaThread "AWT-EventQueue-0" [_thread_in_native, id=5320, stack(0x0000000017ad0000,0x0000000017bd0000)]
  0x000000001667a800 JavaThread "AWT-Windows" daemon [_thread_in_native, id=5304, stack(0x00000000174c0000,0x00000000175c0000)]
  0x000000001664e800 JavaThread "AWT-Shutdown" [_thread_blocked, id=6020, stack(0x00000000173c0000,0x00000000174c0000)]
  0x000000001664e000 JavaThread "Java2D Disposer" daemon [_thread_blocked, id=5536, stack(0x00000000172c0000,0x00000000173c0000)]
  0x000000001497d000 JavaThread "Service Thread" daemon [_thread_blocked, id=5872, stack(0x00000000166c0000,0x00000000167c0000)]
  0x000000001497b000 JavaThread "C1 CompilerThread2" daemon [_thread_blocked, id=5256, stack(0x00000000161c0000,0x00000000162c0000)]
=>0x0000000014975000 JavaThread "C2 CompilerThread1" daemon [_thread_in_native, id=5300, stack(0x00000000160c0000,0x00000000161c0000)]
  0x000000001496e800 JavaThread "C2 CompilerThread0" daemon [_thread_blocked, id=5856, stack(0x0000000015fc0000,0x00000000160c0000)]
  0x000000001496c000 JavaThread "Attach Listener" daemon [_thread_blocked, id=2064, stack(0x0000000015ec0000,0x0000000015fc0000)]
  0x000000001496b000 JavaThread "Signal Dispatcher" daemon [_thread_blocked, id=4632, stack(0x0000000015dc0000,0x0000000015ec0000)]
  0x000000000238d000 JavaThread "Finalizer" daemon [_thread_blocked, id=288, stack(0x0000000015bc0000,0x0000000015cc0000)]
  0x0000000014959000 JavaThread "Reference Handler" daemon [_thread_blocked, id=2188, stack(0x0000000015ac0000,0x0000000015bc0000)]
  0x0000000001dad800 JavaThread "main" [_thread_in_native, id=5264, stack(0x0000000001eb0000,0x0000000001fb0000)]

Other Threads:
  0x0000000014938000 VMThread [stack: 0x00000000159c0000,0x0000000015ac0000] [id=5888]
  0x000000001497d800 WatcherThread [stack: 0x00000000167c0000,0x00000000168c0000] [id=5844]

VM state:not at safepoint (normal execution)

VM Mutex/Monitor currently owned by a thread: None

heap address: 0x00000000c1a00000, size: 998 MB, Compressed Oops mode: 32-bit
Narrow klass base: 0x0000000000000000, Narrow klass shift: 3
Compressed class space size: 1073741824 Address: 0x0000000100000000

Heap:
 PSYoungGen      total 220160K, used 48269K [0x00000000eb380000, 0x00000000f8d00000, 0x0000000100000000)
  eden space 217600K, 22% used [0x00000000eb380000,0x00000000ee2a3548,0x00000000f8800000)
  from space 2560K, 0% used [0x00000000f8800000,0x00000000f8800000,0x00000000f8a80000)
  to   space 2048K, 0% used [0x00000000f8b00000,0x00000000f8b00000,0x00000000f8d00000)
 ParOldGen       total 188928K, used 37728K [0x00000000c1a00000, 0x00000000cd280000, 0x00000000eb380000)
  object space 188928K, 19% used [0x00000000c1a00000,0x00000000c3ed81d0,0x00000000cd280000)
 Metaspace       used 10242K, capacity 10420K, committed 10752K, reserved 1058816K
  class space    used 1171K, capacity 1231K, committed 1280K, reserved 1048576K

Card table byte_map: [0x0000000011750000,0x0000000011950000] byte_map_base: 0x0000000011143000

Marking Bits: (ParMarkBitMap*) 0x0000000052305ce0
 Begin Bits: [0x0000000011ea0000, 0x0000000012e38000)
 End Bits:   [0x0000000012e38000, 0x0000000013dd0000)

Polling page: 0x00000000003e0000

CodeCache: size=245760Kb used=3412Kb max_used=3426Kb free=242347Kb
 bounds [0x0000000002390000, 0x00000000026f0000, 0x0000000011390000]
 total_blobs=1408 nmethods=966 adapters=355
 compilation: enabled

Compilation events (10 events):
Event: 22.570 Thread 0x000000001497b000 nmethod 1005 0x00000000026dd090 code [0x00000000026dd280, 0x00000000026ddb88]
Event: 22.570 Thread 0x000000001497b000 1003       3       sun.awt.image.BufImgSurfaceData::<init> (19 bytes)
Event: 22.570 Thread 0x000000001497b000 nmethod 1003 0x00000000026e7bd0 code [0x00000000026e7d60, 0x00000000026e8048]
Event: 22.570 Thread 0x000000001497b000 1002       3       sun.awt.image.BufImgSurfaceData::createDataBC (84 bytes)
Event: 22.571 Thread 0x000000001497b000 nmethod 1002 0x00000000026dbd10 code [0x00000000026dbf20, 0x00000000026dcb98]
Event: 22.578 Thread 0x0000000014975000 1006 % !   4       com.sun.imageio.plugins.png.PNGImageReader::decodePass @ 680 (1201 bytes)
Event: 22.580 Thread 0x000000001496e800 1007  s    4       java.util.Hashtable::get (69 bytes)
Event: 22.588 Thread 0x000000001496e800 nmethod 1007 0x00000000026ebf50 code [0x00000000026ec0a0, 0x00000000026ec598]
Event: 22.604 Thread 0x000000001497b000 1008       3       sun.java2d.pipe.DrawImage::isSimpleTranslate (31 bytes)
Event: 22.604 Thread 0x000000001497b000 nmethod 1008 0x00000000026e76d0 code [0x00000000026e7840, 0x00000000026e7a70]

GC Heap History (10 events):
Event: 19.190 GC heap before
{Heap before GC invocations=27 (full 4):
 PSYoungGen      total 198656K, used 197792K [0x00000000eb380000, 0x00000000f7980000, 0x0000000100000000)
  eden space 197632K, 100% used [0x00000000eb380000,0x00000000f7480000,0x00000000f7480000)
  from space 1024K, 15% used [0x00000000f7880000,0x00000000f78a8000,0x00000000f7980000)
  to   space 2560K, 0% used [0x00000000f7480000,0x00000000f7480000,0x00000000f7700000)
 ParOldGen       total 188928K, used 37655K [0x00000000c1a00000, 0x00000000cd280000, 0x00000000eb380000)
  object space 188928K, 19% used [0x00000000c1a00000,0x00000000c3ec5c88,0x00000000cd280000)
 Metaspace       used 10234K, capacity 10420K, committed 10752K, reserved 1058816K
  class space    used 1171K, capacity 1231K, committed 1280K, reserved 1048576K
Event: 19.213 GC heap after
Heap after GC invocations=27 (full 4):
 PSYoungGen      total 200192K, used 256K [0x00000000eb380000, 0x00000000f8d80000, 0x0000000100000000)
  eden space 197632K, 0% used [0x00000000eb380000,0x00000000eb380000,0x00000000f7480000)
  from space 2560K, 10% used [0x00000000f7480000,0x00000000f74c0000,0x00000000f7700000)
  to   space 2560K, 0% used [0x00000000f8b00000,0x00000000f8b00000,0x00000000f8d80000)
 ParOldGen       total 188928K, used 143597K [0x00000000c1a00000, 0x00000000cd280000, 0x00000000eb380000)
  object space 188928K, 76% used [0x00000000c1a00000,0x00000000ca63b6b8,0x00000000cd280000)
 Metaspace       used 10234K, capacity 10420K, committed 10752K, reserved 1058816K
  class space    used 1171K, capacity 1231K, committed 1280K, reserved 1048576K
}
Event: 19.213 GC heap before
{Heap before GC invocations=28 (full 5):
 PSYoungGen      total 200192K, used 256K [0x00000000eb380000, 0x00000000f8d80000, 0x0000000100000000)
  eden space 197632K, 0% used [0x00000000eb380000,0x00000000eb380000,0x00000000f7480000)
  from space 2560K, 10% used [0x00000000f7480000,0x00000000f74c0000,0x00000000f7700000)
  to   space 2560K, 0% used [0x00000000f8b00000,0x00000000f8b00000,0x00000000f8d80000)
 ParOldGen       total 188928K, used 143597K [0x00000000c1a00000, 0x00000000cd280000, 0x00000000eb380000)
  object space 188928K, 76% used [0x00000000c1a00000,0x00000000ca63b6b8,0x00000000cd280000)
 Metaspace       used 10234K, capacity 10420K, committed 10752K, reserved 1058816K
  class space    used 1171K, capacity 1231K, committed 1280K, reserved 1048576K
Event: 19.237 GC heap after
Heap after GC invocations=28 (full 5):
 PSYoungGen      total 200192K, used 0K [0x00000000eb380000, 0x00000000f8d80000, 0x0000000100000000)
  eden space 197632K, 0% used [0x00000000eb380000,0x00000000eb380000,0x00000000f7480000)
  from space 2560K, 0% used [0x00000000f7480000,0x00000000f7480000,0x00000000f7700000)
  to   space 2560K, 0% used [0x00000000f8b00000,0x00000000f8b00000,0x00000000f8d80000)
 ParOldGen       total 188928K, used 37710K [0x00000000c1a00000, 0x00000000cd280000, 0x00000000eb380000)
  object space 188928K, 19% used [0x00000000c1a00000,0x00000000c3ed3900,0x00000000cd280000)
 Metaspace       used 10234K, capacity 10420K, committed 10752K, reserved 1058816K
  class space    used 1171K, capacity 1231K, committed 1280K, reserved 1048576K
}
Event: 20.891 GC heap before
{Heap before GC invocations=29 (full 5):
 PSYoungGen      total 200192K, used 180658K [0x00000000eb380000, 0x00000000f8d80000, 0x0000000100000000)
  eden space 197632K, 91% used [0x00000000eb380000,0x00000000f63ec9d8,0x00000000f7480000)
  from space 2560K, 0% used [0x00000000f7480000,0x00000000f7480000,0x00000000f7700000)
  to   space 2560K, 0% used [0x00000000f8b00000,0x00000000f8b00000,0x00000000f8d80000)
 ParOldGen       total 188928K, used 37710K [0x00000000c1a00000, 0x00000000cd280000, 0x00000000eb380000)
  object space 188928K, 19% used [0x00000000c1a00000,0x00000000c3ed3900,0x00000000cd280000)
 Metaspace       used 10240K, capacity 10420K, committed 10752K, reserved 1058816K
  class space    used 1171K, capacity 1231K, committed 1280K, reserved 1048576K
Event: 20.892 GC heap after
Heap after GC invocations=29 (full 5):
 PSYoungGen      total 219648K, used 128K [0x00000000eb380000, 0x00000000f8d00000, 0x0000000100000000)
  eden space 217600K, 0% used [0x00000000eb380000,0x00000000eb380000,0x00000000f8800000)
  from space 2048K, 6% used [0x00000000f8b00000,0x00000000f8b20000,0x00000000f8d00000)
  to   space 2560K, 0% used [0x00000000f8800000,0x00000000f8800000,0x00000000f8a80000)
 ParOldGen       total 188928K, used 37710K [0x00000000c1a00000, 0x00000000cd280000, 0x00000000eb380000)
  object space 188928K, 19% used [0x00000000c1a00000,0x00000000c3ed3900,0x00000000cd280000)
 Metaspace       used 10240K, capacity 10420K, committed 10752K, reserved 1058816K
  class space    used 1171K, capacity 1231K, committed 1280K, reserved 1048576K
}
Event: 22.480 GC heap before
{Heap before GC invocations=30 (full 5):
 PSYoungGen      total 219648K, used 217728K [0x00000000eb380000, 0x00000000f8d00000, 0x0000000100000000)
  eden space 217600K, 100% used [0x00000000eb380000,0x00000000f8800000,0x00000000f8800000)
  from space 2048K, 6% used [0x00000000f8b00000,0x00000000f8b20000,0x00000000f8d00000)
  to   space 2560K, 0% used [0x00000000f8800000,0x00000000f8800000,0x00000000f8a80000)
 ParOldGen       total 188928K, used 37710K [0x00000000c1a00000, 0x00000000cd280000, 0x00000000eb380000)
  object space 188928K, 19% used [0x00000000c1a00000,0x00000000c3ed3900,0x00000000cd280000)
 Metaspace       used 10241K, capacity 10420K, committed 10752K, reserved 1058816K
  class space    used 1171K, capacity 1231K, committed 1280K, reserved 1048576K
Event: 22.504 GC heap after
Heap after GC invocations=30 (full 5):
 PSYoungGen      total 220160K, used 128K [0x00000000eb380000, 0x00000000f8d00000, 0x0000000100000000)
  eden space 217600K, 0% used [0x00000000eb380000,0x00000000eb380000,0x00000000f8800000)
  from space 2560K, 5% used [0x00000000f8800000,0x00000000f8820000,0x00000000f8a80000)
  to   space 2048K, 0% used [0x00000000f8b00000,0x00000000f8b00000,0x00000000f8d00000)
 ParOldGen       total 188928K, used 143644K [0x00000000c1a00000, 0x00000000cd280000, 0x00000000eb380000)
  object space 188928K, 76% used [0x00000000c1a00000,0x00000000ca647330,0x00000000cd280000)
 Metaspace       used 10241K, capacity 10420K, committed 10752K, reserved 1058816K
  class space    used 1171K, capacity 1231K, committed 1280K, reserved 1048576K
}
Event: 22.504 GC heap before
{Heap before GC invocations=31 (full 6):
 PSYoungGen      total 220160K, used 128K [0x00000000eb380000, 0x00000000f8d00000, 0x0000000100000000)
  eden space 217600K, 0% used [0x00000000eb380000,0x00000000eb380000,0x00000000f8800000)
  from space 2560K, 5% used [0x00000000f8800000,0x00000000f8820000,0x00000000f8a80000)
  to   space 2048K, 0% used [0x00000000f8b00000,0x00000000f8b00000,0x00000000f8d00000)
 ParOldGen       total 188928K, used 143644K [0x00000000c1a00000, 0x00000000cd280000, 0x00000000eb380000)
  object space 188928K, 76% used [0x00000000c1a00000,0x00000000ca647330,0x00000000cd280000)
 Metaspace       used 10241K, capacity 10420K, committed 10752K, reserved 1058816K
  class space    used 1171K, capacity 1231K, committed 1280K, reserved 1048576K
Event: 22.523 GC heap after
Heap after GC invocations=31 (full 6):
 PSYoungGen      total 220160K, used 0K [0x00000000eb380000, 0x00000000f8d00000, 0x0000000100000000)
  eden space 217600K, 0% used [0x00000000eb380000,0x00000000eb380000,0x00000000f8800000)
  from space 2560K, 0% used [0x00000000f8800000,0x00000000f8800000,0x00000000f8a80000)
  to   space 2048K, 0% used [0x00000000f8b00000,0x00000000f8b00000,0x00000000f8d00000)
 ParOldGen       total 188928K, used 37728K [0x00000000c1a00000, 0x00000000cd280000, 0x00000000eb380000)
  object space 188928K, 19% used [0x00000000c1a00000,0x00000000c3ed81d0,0x00000000cd280000)
 Metaspace       used 10241K, capacity 10420K, committed 10752K, reserved 1058816K
  class space    used 1171K, capacity 1231K, committed 1280K, reserved 1048576K
}

Deoptimization events (6 events):
Event: 0.438 Thread 0x0000000001dad800 Uncommon trap: reason=null_check action=make_not_entrant pc=0x0000000002502120 method=java.lang.String.equals(Ljava/lang/Object;)Z @ 8
Event: 1.330 Thread 0x00000000166a1000 Uncommon trap: reason=unstable_if action=reinterpret pc=0x000000000254a0f8 method=sun.awt.image.ByteInterleavedRaster.putByteData(IIII[B)V @ 395
Event: 19.018 Thread 0x00000000166a1000 Uncommon trap: reason=class_check action=maybe_recompile pc=0x00000000026612ac method=java.util.HashMap.getNode(ILjava/lang/Object;)Ljava/util/HashMap$Node; @ 126
Event: 19.018 Thread 0x00000000166a1000 Uncommon trap: reason=class_check action=maybe_recompile pc=0x00000000026612ac method=java.util.HashMap.getNode(ILjava/lang/Object;)Ljava/util/HashMap$Node; @ 126
Event: 19.019 Thread 0x00000000166a1000 Uncommon trap: reason=class_check action=maybe_recompile pc=0x00000000026612ac method=java.util.HashMap.getNode(ILjava/lang/Object;)Ljava/util/HashMap$Node; @ 126
Event: 19.019 Thread 0x00000000166a1000 Uncommon trap: reason=class_check action=maybe_recompile pc=0x00000000026612ac method=java.util.HashMap.getNode(ILjava/lang/Object;)Ljava/util/HashMap$Node; @ 126

Classes redefined (0 events):
No events

Internal exceptions (10 events):
Event: 0.215 Thread 0x0000000001dad800 Exception <a 'java/io/FileNotFoundException'> (0x00000000eb481dc0) thrown at [C:\re\workspace\8-2-build-windows-amd64-cygwin\jdk8u202\12323\hotspot\src\share\vm\prims\jni.cpp, line 710]
Event: 0.294 Thread 0x0000000001dad800 Exception <a 'java/lang/NoSuchFieldError': method resolution failed> (0x00000000eb5524b0) thrown at [C:\re\workspace\8-2-build-windows-amd64-cygwin\jdk8u202\12323\hotspot\src\share\vm\prims\methodHandles.cpp, line 1167]
Event: 0.297 Thread 0x0000000001dad800 Exception <a 'java/lang/NoSuchFieldError': method resolution failed> (0x00000000eb55f880) thrown at [C:\re\workspace\8-2-build-windows-amd64-cygwin\jdk8u202\12323\hotspot\src\share\vm\prims\methodHandles.cpp, line 1167]
Event: 0.438 Thread 0x0000000001dad800 Implicit null exception at 0x0000000002501f62 to 0x0000000002502111
Event: 0.453 Thread 0x0000000001dad800 Exception <a 'java/io/FileNotFoundException'> (0x00000000eb6978e0) thrown at [C:\re\workspace\8-2-build-windows-amd64-cygwin\jdk8u202\12323\hotspot\src\share\vm\prims\jni.cpp, line 710]
Event: 0.674 Thread 0x00000000166a1000 Exception <a 'java/security/PrivilegedActionException'> (0x00000000eb71fc40) thrown at [C:\re\workspace\8-2-build-windows-amd64-cygwin\jdk8u202\12323\hotspot\src\share\vm\prims\jvm.cpp, line 1502]
Event: 0.674 Thread 0x00000000166a1000 Exception <a 'java/security/PrivilegedActionException'> (0x00000000eb720220) thrown at [C:\re\workspace\8-2-build-windows-amd64-cygwin\jdk8u202\12323\hotspot\src\share\vm\prims\jvm.cpp, line 1502]
Event: 19.009 Thread 0x00000000166a1000 Exception <a 'java/lang/NoSuchMethodError': <clinit>> (0x00000000f45e2c88) thrown at [C:\re\workspace\8-2-build-windows-amd64-cygwin\jdk8u202\12323\hotspot\src\share\vm\prims\jni.cpp, line 1614]
Event: 19.023 Thread 0x00000000166a1000 Exception <a 'java/lang/NoSuchMethodError': <clinit>> (0x00000000f460f518) thrown at [C:\re\workspace\8-2-build-windows-amd64-cygwin\jdk8u202\12323\hotspot\src\share\vm\prims\jni.cpp, line 1614]
Event: 19.025 Thread 0x00000000166a1000 Exception <a 'java/lang/NoSuchMethodError': <clinit>> (0x00000000f46162b8) thrown at [C:\re\workspace\8-2-build-windows-amd64-cygwin\jdk8u202\12323\hotspot\src\share\vm\prims\jni.cpp, line 1614]

Events (10 events):
Event: 22.523 Executing VM operation: ParallelGCFailedAllocation done
Event: 22.523 Executing VM operation: RevokeBias
Event: 22.523 Executing VM operation: RevokeBias done
Event: 22.523 Executing VM operation: RevokeBias
Event: 22.523 Executing VM operation: RevokeBias done
Event: 22.523 Executing VM operation: RevokeBias
Event: 22.523 Executing VM operation: RevokeBias done
Event: 22.570 Thread 0x000000001497b000 flushing nmethod 0x00000000024cf990
Event: 22.604 Thread 0x000000001497b000 flushing nmethod 0x000000000253da10
Event: 22.604 Thread 0x000000001497b000 flushing nmethod 0x000000000254d590


Dynamic libraries:
0x000007f7706b0000 - 0x000007f7706e7000 	C:\Program Files\Java\jdk1.8.0_202\bin\java.exe
0x000007f819df0000 - 0x000007f819fad000 	C:\Windows\SYSTEM32\ntdll.dll
0x000007f8193d0000 - 0x000007f819507000 	C:\Windows\system32\KERNEL32.DLL
0x000007f8183b0000 - 0x000007f8184a4000 	C:\Windows\system32\KERNELBASE.dll
0x000007f819060000 - 0x000007f81913e000 	C:\Windows\system32\ADVAPI32.dll
0x000007f8195e0000 - 0x000007f81972c000 	C:\Windows\system32\USER32.dll
0x000007f814670000 - 0x000007f8148da000 	C:\Windows\WinSxS\amd64_microsoft.windows.common-controls_6595b64144ccf1df_6.0.9200.17359_none_4188b989718cf1c6\COMCTL32.dll
0x000007f819d40000 - 0x000007f819de5000 	C:\Windows\system32\msvcrt.dll
0x000007f819a10000 - 0x000007f819a58000 	C:\Windows\SYSTEM32\sechost.dll
0x000007f8188e0000 - 0x000007f818a25000 	C:\Windows\system32\RPCRT4.dll
0x000007f818f00000 - 0x000007f819041000 	C:\Windows\system32\GDI32.dll
0x000007f8191e0000 - 0x000007f819219000 	C:\Windows\system32\IMM32.DLL
0x000007f818d80000 - 0x000007f818e95000 	C:\Windows\system32\MSCTF.dll
0x0000000052440000 - 0x0000000052512000 	C:\Program Files\Java\jdk1.8.0_202\jre\bin\msvcr100.dll
0x0000000051ae0000 - 0x0000000052385000 	C:\Program Files\Java\jdk1.8.0_202\jre\bin\server\jvm.dll
0x000007f8104f0000 - 0x000007f8104f9000 	C:\Windows\SYSTEM32\WSOCK32.dll
0x000007f80a7f0000 - 0x000007f80a810000 	C:\Windows\SYSTEM32\WINMM.dll
0x000007f815510000 - 0x000007f815519000 	C:\Windows\SYSTEM32\VERSION.dll
0x000007f818d20000 - 0x000007f818d27000 	C:\Windows\system32\PSAPI.DLL
0x000007f818ea0000 - 0x000007f818ef8000 	C:\Windows\system32\WS2_32.dll
0x000007f80a7b0000 - 0x000007f80a7e3000 	C:\Windows\SYSTEM32\WINMMBASE.dll
0x000007f819d30000 - 0x000007f819d39000 	C:\Windows\system32\NSI.dll
0x000007f818250000 - 0x000007f81829f000 	C:\Windows\SYSTEM32\cfgmgr32.dll
0x000007f818040000 - 0x000007f818062000 	C:\Windows\system32\DEVOBJ.dll
0x000007f80fcc0000 - 0x000007f80fccf000 	C:\Program Files\Java\jdk1.8.0_202\jre\bin\verify.dll
0x000007f80fc90000 - 0x000007f80fcb9000 	C:\Program Files\Java\jdk1.8.0_202\jre\bin\java.dll
0x000007f80fc70000 - 0x000007f80fc86000 	C:\Program Files\Java\jdk1.8.0_202\jre\bin\zip.dll
0x000007f815520000 - 0x000007f816805000 	C:\Windows\SYSTEM32\SHELL32.dll
0x000007f819220000 - 0x000007f8193d0000 	C:\Windows\SYSTEM32\combase.dll
0x000007f818d30000 - 0x000007f818d80000 	C:\Windows\system32\SHLWAPI.dll
0x000007f814d50000 - 0x000007f814de6000 	C:\Windows\SYSTEM32\SHCORE.dll
0x000007f818000000 - 0x000007f818015000 	C:\Windows\system32\profapi.dll
0x000007f80fc50000 - 0x000007f80fc6a000 	C:\Program Files\Java\jdk1.8.0_202\jre\bin\net.dll
0x000007f818a30000 - 0x000007f818b94000 	C:\Windows\system32\urlmon.dll
0x000007f818ba0000 - 0x000007f818d1e000 	C:\Windows\system32\ole32.dll
0x000007f818650000 - 0x000007f8188de000 	C:\Windows\system32\iertutil.dll
0x000007f819a60000 - 0x000007f819c8d000 	C:\Windows\system32\WININET.dll
0x000007f818020000 - 0x000007f81803f000 	C:\Windows\system32\USERENV.dll
0x000007f8177a0000 - 0x000007f8177fc000 	C:\Windows\system32\mswsock.dll
0x000007f8175e0000 - 0x000007f81767c000 	C:\Windows\SYSTEM32\DNSAPI.dll
0x000007f80a930000 - 0x000007f80a938000 	C:\Windows\System32\rasadhlp.dll
0x000007f810750000 - 0x000007f8107b1000 	C:\Windows\System32\fwpuclnt.dll
0x000007f8061b0000 - 0x000007f806349000 	C:\Program Files\Java\jdk1.8.0_202\jre\bin\awt.dll
0x000007f819510000 - 0x000007f8195d3000 	C:\Windows\system32\OLEAUT32.dll
0x000007f80e200000 - 0x000007f80e29e000 	C:\Windows\system32\apphelp.dll
0x000007f816df0000 - 0x000007f816ed6000 	C:\Windows\system32\uxtheme.dll
0x000007f8148e0000 - 0x000007f814901000 	C:\Windows\SYSTEM32\dwmapi.dll
0x000007f817d90000 - 0x000007f817d9a000 	C:\Windows\SYSTEM32\CRYPTBASE.dll
0x000007f817d30000 - 0x000007f817d8d000 	C:\Windows\SYSTEM32\bcryptPrimitives.dll
0x000007fff6350000 - 0x000007fff646f000 	C:\Windows\system32\opengl32.dll
0x000007fff6320000 - 0x000007fff634c000 	C:\Windows\SYSTEM32\GLU32.dll
0x000007fff6230000 - 0x000007fff631a000 	C:\Windows\SYSTEM32\DDRAW.dll
0x000007fff6220000 - 0x000007fff6228000 	C:\Windows\SYSTEM32\DCIMAN32.dll
0x000007f80fc00000 - 0x000007f80fc47000 	C:\Program Files\Java\jdk1.8.0_202\jre\bin\fontmanager.dll
0x000007f80fbc0000 - 0x000007f80fbf1000 	C:\Program Files\Java\jdk1.8.0_202\jre\bin\jpeg.dll

VM Arguments:
java_command: socket.Client
java_class_path (initial): .;D:\ojdbc5.jar;D:\postgresql-42.1.4.jar;pg73jdbc1.jar
Launcher Type: SUN_STANDARD

Environment Variables:
CLASSPATH=.;D:\ojdbc5.jar;D:\postgresql-42.1.4.jar;pg73jdbc1.jar
PATH=D:\app\Thony\product\11.2.0\dbhome_1\bin;C:\Program Files\Java\jdk1.8.0_202\bin;C:\TDM-GCC-64\bin;;C:\Users\randretsaj\AppData\Local\Programs\Microsoft VS Code\bin;C:\Program Files\PostgreSQL\10\bin;C:\Program Files\PostgreSQL\10\lib;C:\Program Files\PostgreSQL\10\bin\psql
USERNAME=Thony
OS=Windows_NT
PROCESSOR_IDENTIFIER=Intel64 Family 6 Model 58 Stepping 9, GenuineIntel



---------------  S Y S T E M  ---------------

OS: Windows 8 , 64 bit Build 9200 (6.2.9200.16859)

CPU:total 4 (initial active 4) (2 cores per cpu, 2 threads per core) family 6 model 58 stepping 9, cmov, cx8, fxsr, mmx, sse, sse2, sse3, ssse3, sse4.1, sse4.2, popcnt, avx, clmul, erms, ht, tsc, tscinvbit, tscinv

Memory: 4k page, physical 4084072k(1259016k free), swap 4608360k(5132k free)

vm_info: Java HotSpot(TM) 64-Bit Server VM (25.202-b08) for windows-amd64 JRE (1.8.0_202-b08), built on Dec 15 2018 19:54:30 by "java_re" with MS VC++ 10.0 (VS2010)

time: Fri Dec 09 05:41:15 2022
timezone: Azerbaïdjan
elapsed time: 22 seconds (0d 0h 0m 22s)

